<?xml version="1.0" encoding="UTF-8"?>
<testsuite name="TestSuite" time="19.933" tests="2" errors="0" skipped="0" failures="1">
  <properties>
[...]
</properties>
  <testcase name="runCukes" classname="runner.SearchManyFeature" time="0.327">
    <failure message="java.io.IOException: Failed to create directory C:\Users\Manish_Katepallewar\eclipse-workspace\CucumberBDD_TestNG\target\RunCuke" type="cucumber.runtime.CucumberException"><![CDATA[cucumber.runtime.CucumberException: java.io.IOException: Failed to create directory C:\Users\Manish_Katepallewar\eclipse-workspace\CucumberBDD_TestNG\target\RunCuke
	at cucumber.runtime.io.URLOutputStream.ensureParentDirExists(URLOutputStream.java:53)
	at cucumber.runtime.io.URLOutputStream.<init>(URLOutputStream.java:33)
	at cucumber.runtime.io.URLOutputStream.<init>(URLOutputStream.java:24)
	at cucumber.runtime.formatter.PluginFactory.convertOrNull(PluginFactory.java:142)
	at cucumber.runtime.formatter.PluginFactory.instantiate(PluginFactory.java:99)
	at cucumber.runtime.formatter.PluginFactory.create(PluginFactory.java:87)
	at cucumber.runtime.RuntimeOptions.getPlugins(RuntimeOptions.java:241)
	at cucumber.runtime.RuntimeOptions$1.invoke(RuntimeOptions.java:287)
	at com.sun.proxy.$Proxy14.uri(Unknown Source)
	at cucumber.runtime.model.CucumberFeature.run(CucumberFeature.java:160)
	at cucumber.api.testng.TestNGCucumberRunner.runCukes(TestNGCucumberRunner.java:50)
	at runner.SearchManyFeature.runCukes(SearchManyFeature.java:50)
]]></failure>
    <system-out><![CDATA[[TestNGContentHandler] [WARN] It is strongly recommended to add "<!DOCTYPE suite SYSTEM "http://testng.org/testng-1.0.dtd" >" at the top of your file, otherwise TestNG may fail or not work as expected.
]]></system-out>
  </testcase>
  <testcase name="runCuckes" classname="runner.SearchOutlineFeature" time="19.606"/>
</testsuite>